@!@!@STARTMSG 2262:0 @!@!@
TLC2 Version 2.13 of 18 July 2018
@!@!@ENDMSG 2262 @!@!@
@!@!@STARTMSG 2187:0 @!@!@
Running breadth-first search Model-Checking with seed -1127132896754554671 with 2 workers on 4 cores with 434MB heap and 973MB offheap memory (Linux 4.15.0-36-generic amd64, Oracle Corporation 1.8.0_181 x86_64).
@!@!@ENDMSG 2187 @!@!@
@!@!@STARTMSG 2220:0 @!@!@
Starting SANY...
@!@!@ENDMSG 2220 @!@!@
Parsing file /home/fredrik/kth/åk5/pardis/labs/lab3/diningphil/diningphil.toolbox/Model_1/MC.tla
Parsing file /home/fredrik/kth/åk5/pardis/labs/lab3/diningphil/diningphil.toolbox/Model_1/diningphil.tla
Parsing file /home/fredrik/tlaplus/toolbox/plugins/org.lamport.tlatools_1.0.0.201807180447/tla2sany/StandardModules/TLC.tla
Parsing file /home/fredrik/tlaplus/toolbox/plugins/org.lamport.tlatools_1.0.0.201807180447/tla2sany/StandardModules/Integers.tla
Parsing file /home/fredrik/tlaplus/toolbox/plugins/org.lamport.tlatools_1.0.0.201807180447/tla2sany/StandardModules/Naturals.tla
Parsing file /home/fredrik/tlaplus/toolbox/plugins/org.lamport.tlatools_1.0.0.201807180447/tla2sany/StandardModules/Sequences.tla
Parsing file /home/fredrik/tlaplus/toolbox/plugins/org.lamport.tlatools_1.0.0.201807180447/tla2sany/StandardModules/FiniteSets.tla
Semantic processing of module Naturals
Semantic processing of module Integers
Semantic processing of module diningphil
Semantic processing of module Sequences
Semantic processing of module FiniteSets
Semantic processing of module TLC
Semantic processing of module MC
@!@!@STARTMSG 2219:0 @!@!@
SANY finished.
@!@!@ENDMSG 2219 @!@!@
@!@!@STARTMSG 2185:0 @!@!@
Starting... (2018-10-09 13:04:34)
@!@!@ENDMSG 2185 @!@!@
@!@!@STARTMSG 2189:0 @!@!@
Computing initial states...
@!@!@ENDMSG 2189 @!@!@
@!@!@STARTMSG 2190:0 @!@!@
Finished computing initial states: 1 distinct state generated.
@!@!@ENDMSG 2190 @!@!@
@!@!@STARTMSG 2114:1 @!@!@
Deadlock reached.
@!@!@ENDMSG 2114 @!@!@
@!@!@STARTMSG 2121:1 @!@!@
The behavior up to this point is:
@!@!@ENDMSG 2121 @!@!@
@!@!@STARTMSG 2217:4 @!@!@
1: <Initial predicate>
/\ philosophers = ( 0 :> "thinking" @@
  1 :> "thinking" @@
  2 :> "thinking" @@
  3 :> "thinking" @@
  4 :> "thinking" )
/\ forks = (0 :> -1 @@ 1 :> -1 @@ 2 :> -1 @@ 3 :> -1 @@ 4 :> -1)

@!@!@ENDMSG 2217 @!@!@
@!@!@STARTMSG 2217:4 @!@!@
2: <thinking line 24, col 20 to line 27, col 80 of module diningphil>
/\ philosophers = ( 0 :> "grabbing" @@
  1 :> "thinking" @@
  2 :> "thinking" @@
  3 :> "thinking" @@
  4 :> "thinking" )
/\ forks = (0 :> 0 @@ 1 :> -1 @@ 2 :> -1 @@ 3 :> -1 @@ 4 :> -1)

@!@!@ENDMSG 2217 @!@!@
@!@!@STARTMSG 2217:4 @!@!@
3: <thinking line 24, col 20 to line 27, col 80 of module diningphil>
/\ philosophers = ( 0 :> "grabbing" @@
  1 :> "grabbing" @@
  2 :> "thinking" @@
  3 :> "thinking" @@
  4 :> "thinking" )
/\ forks = (0 :> 0 @@ 1 :> 1 @@ 2 :> -1 @@ 3 :> -1 @@ 4 :> -1)

@!@!@ENDMSG 2217 @!@!@
@!@!@STARTMSG 2217:4 @!@!@
4: <thinking line 24, col 20 to line 27, col 80 of module diningphil>
/\ philosophers = ( 0 :> "grabbing" @@
  1 :> "grabbing" @@
  2 :> "grabbing" @@
  3 :> "thinking" @@
  4 :> "thinking" )
/\ forks = (0 :> 0 @@ 1 :> 1 @@ 2 :> 2 @@ 3 :> -1 @@ 4 :> -1)

@!@!@ENDMSG 2217 @!@!@
@!@!@STARTMSG 2217:4 @!@!@
5: <thinking line 24, col 20 to line 27, col 80 of module diningphil>
/\ philosophers = ( 0 :> "grabbing" @@
  1 :> "grabbing" @@
  2 :> "grabbing" @@
  3 :> "grabbing" @@
  4 :> "thinking" )
/\ forks = (0 :> 0 @@ 1 :> 1 @@ 2 :> 2 @@ 3 :> 3 @@ 4 :> -1)

@!@!@ENDMSG 2217 @!@!@
@!@!@STARTMSG 2217:4 @!@!@
6: <thinking line 24, col 20 to line 27, col 80 of module diningphil>
/\ philosophers = ( 0 :> "grabbing" @@
  1 :> "grabbing" @@
  2 :> "grabbing" @@
  3 :> "grabbing" @@
  4 :> "grabbing" )
/\ forks = (0 :> 0 @@ 1 :> 1 @@ 2 :> 2 @@ 3 :> 3 @@ 4 :> 4)

@!@!@ENDMSG 2217 @!@!@
@!@!@STARTMSG 2201:0 @!@!@
The coverage statistics at 2018-10-09 13:04:35
@!@!@ENDMSG 2201 @!@!@
@!@!@STARTMSG 2221:0 @!@!@
  line 17, col 26 to line 17, col 65 of module diningphil: 205
@!@!@ENDMSG 2221 @!@!@
@!@!@STARTMSG 2221:0 @!@!@
  line 18, col 26 to line 19, col 74 of module diningphil: 60
@!@!@ENDMSG 2221 @!@!@
@!@!@STARTMSG 2221:0 @!@!@
  line 27, col 23 to line 27, col 80 of module diningphil: 145
@!@!@ENDMSG 2221 @!@!@
@!@!@STARTMSG 2221:0 @!@!@
  line 32, col 23 to line 32, col 78 of module diningphil: 60
@!@!@ENDMSG 2221 @!@!@
@!@!@STARTMSG 2221:0 @!@!@
  line 36, col 23 to line 36, col 80 of module diningphil: 60
@!@!@ENDMSG 2221 @!@!@
@!@!@STARTMSG 2202:0 @!@!@
End of statistics.
@!@!@ENDMSG 2202 @!@!@
@!@!@STARTMSG 2200:0 @!@!@
Progress(6) at 2018-10-09 13:04:35: 266 states generated (20,383 s/min), 82 distinct states found (6,283 ds/min), 0 states left on queue.
@!@!@ENDMSG 2200 @!@!@
@!@!@STARTMSG 2199:0 @!@!@
266 states generated, 82 distinct states found, 0 states left on queue.
@!@!@ENDMSG 2199 @!@!@
@!@!@STARTMSG 2194:0 @!@!@
The depth of the complete state graph search is 6.
@!@!@ENDMSG 2194 @!@!@
@!@!@STARTMSG 2268:0 @!@!@
The average outdegree of the complete state graph is 1 (minimum is 0, the maximum 5 and the 95th percentile is 3).
@!@!@ENDMSG 2268 @!@!@
@!@!@STARTMSG 2186:0 @!@!@
Finished in 1341ms at (2018-10-09 13:04:35)
@!@!@ENDMSG 2186 @!@!@
