@!@!@STARTMSG 2262:0 @!@!@
TLC2 Version 2.13 of 18 July 2018
@!@!@ENDMSG 2262 @!@!@
@!@!@STARTMSG 2187:0 @!@!@
Running breadth-first search Model-Checking with seed -2730424945916164631 with 2 workers on 4 cores with 585MB heap and 1311MB offheap memory (Linux 4.4.0-130-generic amd64, Oracle Corporation 1.8.0_181 x86_64).
@!@!@ENDMSG 2187 @!@!@
@!@!@STARTMSG 2220:0 @!@!@
Starting SANY...
@!@!@ENDMSG 2220 @!@!@
Parsing file /home/filip/pardis/lab3/tokenring/tokenring.toolbox/Model_1/MC.tla
Parsing file /home/filip/pardis/lab3/tokenring/tokenring.toolbox/Model_1/tokenring.tla
Parsing file /home/filip/toolbox/plugins/org.lamport.tlatools_1.0.0.201807180447/tla2sany/StandardModules/TLC.tla
Parsing file /home/filip/toolbox/plugins/org.lamport.tlatools_1.0.0.201807180447/tla2sany/StandardModules/Naturals.tla
Parsing file /home/filip/toolbox/plugins/org.lamport.tlatools_1.0.0.201807180447/tla2sany/StandardModules/Sequences.tla
Parsing file /home/filip/toolbox/plugins/org.lamport.tlatools_1.0.0.201807180447/tla2sany/StandardModules/FiniteSets.tla
Semantic processing of module Naturals
Semantic processing of module tokenring
Semantic processing of module Sequences
Semantic processing of module FiniteSets
Semantic processing of module TLC
Semantic processing of module MC
@!@!@STARTMSG 2219:0 @!@!@
SANY finished.
@!@!@ENDMSG 2219 @!@!@
@!@!@STARTMSG 2185:0 @!@!@
Starting... (2018-10-09 19:12:12)
@!@!@ENDMSG 2185 @!@!@
@!@!@STARTMSG 2212:0 @!@!@
Implied-temporal checking--satisfiability problem has 1 branches.
@!@!@ENDMSG 2212 @!@!@
@!@!@STARTMSG 2189:0 @!@!@
Computing initial states...
@!@!@ENDMSG 2189 @!@!@
@!@!@STARTMSG 2269:0 @!@!@
Computed 2 initial states...
@!@!@ENDMSG 2269 @!@!@
@!@!@STARTMSG 2269:0 @!@!@
Computed 4 initial states...
@!@!@ENDMSG 2269 @!@!@
@!@!@STARTMSG 2190:0 @!@!@
Finished computing initial states: 6 distinct states generated.
@!@!@ENDMSG 2190 @!@!@
@!@!@STARTMSG 2200:0 @!@!@
Progress(49) at 2018-10-09 19:12:14: 9736 states generated, 1916 distinct states found, 0 states left on queue.
@!@!@ENDMSG 2200 @!@!@
@!@!@STARTMSG 2192:0 @!@!@
Checking temporal properties for the complete state space with 1916 total distinct states at (2018-10-09 19:12:14)
@!@!@ENDMSG 2192 @!@!@
@!@!@STARTMSG 2116:1 @!@!@
Temporal properties were violated.

@!@!@ENDMSG 2116 @!@!@
@!@!@STARTMSG 2264:1 @!@!@
The following behavior constitutes a counter-example:

@!@!@ENDMSG 2264 @!@!@
@!@!@STARTMSG 2217:4 @!@!@
1: <Initial predicate>
/\ leader = 0
/\ nodes = (0 :> 0 @@ 1 :> 1 @@ 2 :> 2 @@ 3 :> 3 @@ 4 :> 4 @@ 5 :> 5)

@!@!@ENDMSG 2217 @!@!@
@!@!@STARTMSG 2217:4 @!@!@
2: <copyParent line 16, col 20 to line 18, col 38 of module tokenring>
/\ leader = 0
/\ nodes = (0 :> 0 @@ 1 :> 0 @@ 2 :> 2 @@ 3 :> 3 @@ 4 :> 4 @@ 5 :> 5)

@!@!@ENDMSG 2217 @!@!@
@!@!@STARTMSG 2217:4 @!@!@
3: <copyParent line 16, col 20 to line 18, col 38 of module tokenring>
/\ leader = 0
/\ nodes = (0 :> 0 @@ 1 :> 0 @@ 2 :> 2 @@ 3 :> 3 @@ 4 :> 4 @@ 5 :> 4)

@!@!@ENDMSG 2217 @!@!@
@!@!@STARTMSG 2217:4 @!@!@
4: <copyParent line 16, col 20 to line 18, col 38 of module tokenring>
/\ leader = 0
/\ nodes = (0 :> 0 @@ 1 :> 0 @@ 2 :> 0 @@ 3 :> 3 @@ 4 :> 4 @@ 5 :> 4)

@!@!@ENDMSG 2217 @!@!@
@!@!@STARTMSG 2217:4 @!@!@
5: <copyParent line 16, col 20 to line 18, col 38 of module tokenring>
/\ leader = 0
/\ nodes = (0 :> 0 @@ 1 :> 0 @@ 2 :> 0 @@ 3 :> 0 @@ 4 :> 4 @@ 5 :> 4)

@!@!@ENDMSG 2217 @!@!@
@!@!@STARTMSG 2217:4 @!@!@
6: <copyParent line 16, col 20 to line 18, col 38 of module tokenring>
/\ leader = 0
/\ nodes = (0 :> 0 @@ 1 :> 0 @@ 2 :> 0 @@ 3 :> 0 @@ 4 :> 0 @@ 5 :> 4)

@!@!@ENDMSG 2217 @!@!@
@!@!@STARTMSG 2217:4 @!@!@
7: <updateLeader line 20, col 20 to line 23, col 38 of module tokenring>
/\ leader = 0
/\ nodes = (0 :> 1 @@ 1 :> 0 @@ 2 :> 0 @@ 3 :> 0 @@ 4 :> 0 @@ 5 :> 4)

@!@!@ENDMSG 2217 @!@!@
@!@!@STARTMSG 2217:4 @!@!@
8: <copyParent line 16, col 20 to line 18, col 38 of module tokenring>
/\ leader = 0
/\ nodes = (0 :> 1 @@ 1 :> 1 @@ 2 :> 0 @@ 3 :> 0 @@ 4 :> 0 @@ 5 :> 4)

@!@!@ENDMSG 2217 @!@!@
@!@!@STARTMSG 2217:4 @!@!@
9: <copyParent line 16, col 20 to line 18, col 38 of module tokenring>
/\ leader = 0
/\ nodes = (0 :> 1 @@ 1 :> 1 @@ 2 :> 1 @@ 3 :> 0 @@ 4 :> 0 @@ 5 :> 4)

@!@!@ENDMSG 2217 @!@!@
@!@!@STARTMSG 2217:4 @!@!@
10: <copyParent line 16, col 20 to line 18, col 38 of module tokenring>
/\ leader = 0
/\ nodes = (0 :> 1 @@ 1 :> 1 @@ 2 :> 1 @@ 3 :> 0 @@ 4 :> 0 @@ 5 :> 0)

@!@!@ENDMSG 2217 @!@!@
@!@!@STARTMSG 2217:4 @!@!@
11: <copyParent line 16, col 20 to line 18, col 38 of module tokenring>
/\ leader = 0
/\ nodes = (0 :> 1 @@ 1 :> 1 @@ 2 :> 1 @@ 3 :> 1 @@ 4 :> 0 @@ 5 :> 0)

@!@!@ENDMSG 2217 @!@!@
@!@!@STARTMSG 2217:4 @!@!@
12: <copyParent line 16, col 20 to line 18, col 38 of module tokenring>
/\ leader = 0
/\ nodes = (0 :> 1 @@ 1 :> 1 @@ 2 :> 1 @@ 3 :> 1 @@ 4 :> 1 @@ 5 :> 0)

@!@!@ENDMSG 2217 @!@!@
@!@!@STARTMSG 2217:4 @!@!@
13: <updateLeader line 20, col 20 to line 23, col 38 of module tokenring>
/\ leader = 0
/\ nodes = (0 :> 2 @@ 1 :> 1 @@ 2 :> 1 @@ 3 :> 1 @@ 4 :> 1 @@ 5 :> 0)

@!@!@ENDMSG 2217 @!@!@
@!@!@STARTMSG 2217:4 @!@!@
14: <copyParent line 16, col 20 to line 18, col 38 of module tokenring>
/\ leader = 0
/\ nodes = (0 :> 2 @@ 1 :> 2 @@ 2 :> 1 @@ 3 :> 1 @@ 4 :> 1 @@ 5 :> 0)

@!@!@ENDMSG 2217 @!@!@
@!@!@STARTMSG 2217:4 @!@!@
15: <copyParent line 16, col 20 to line 18, col 38 of module tokenring>
/\ leader = 0
/\ nodes = (0 :> 2 @@ 1 :> 2 @@ 2 :> 2 @@ 3 :> 1 @@ 4 :> 1 @@ 5 :> 0)

@!@!@ENDMSG 2217 @!@!@
@!@!@STARTMSG 2217:4 @!@!@
16: <copyParent line 16, col 20 to line 18, col 38 of module tokenring>
/\ leader = 0
/\ nodes = (0 :> 2 @@ 1 :> 2 @@ 2 :> 2 @@ 3 :> 2 @@ 4 :> 1 @@ 5 :> 0)

@!@!@ENDMSG 2217 @!@!@
@!@!@STARTMSG 2217:4 @!@!@
17: <copyParent line 16, col 20 to line 18, col 38 of module tokenring>
/\ leader = 0
/\ nodes = (0 :> 2 @@ 1 :> 2 @@ 2 :> 2 @@ 3 :> 2 @@ 4 :> 2 @@ 5 :> 0)

@!@!@ENDMSG 2217 @!@!@
@!@!@STARTMSG 2217:4 @!@!@
18: <updateLeader line 20, col 20 to line 23, col 38 of module tokenring>
/\ leader = 0
/\ nodes = (0 :> 3 @@ 1 :> 2 @@ 2 :> 2 @@ 3 :> 2 @@ 4 :> 2 @@ 5 :> 0)

@!@!@ENDMSG 2217 @!@!@
@!@!@STARTMSG 2217:4 @!@!@
19: <copyParent line 16, col 20 to line 18, col 38 of module tokenring>
/\ leader = 0
/\ nodes = (0 :> 3 @@ 1 :> 3 @@ 2 :> 2 @@ 3 :> 2 @@ 4 :> 2 @@ 5 :> 0)

@!@!@ENDMSG 2217 @!@!@
@!@!@STARTMSG 2217:4 @!@!@
20: <copyParent line 16, col 20 to line 18, col 38 of module tokenring>
/\ leader = 0
/\ nodes = (0 :> 3 @@ 1 :> 3 @@ 2 :> 3 @@ 3 :> 2 @@ 4 :> 2 @@ 5 :> 0)

@!@!@ENDMSG 2217 @!@!@
@!@!@STARTMSG 2217:4 @!@!@
21: <copyParent line 16, col 20 to line 18, col 38 of module tokenring>
/\ leader = 0
/\ nodes = (0 :> 3 @@ 1 :> 3 @@ 2 :> 3 @@ 3 :> 3 @@ 4 :> 2 @@ 5 :> 0)

@!@!@ENDMSG 2217 @!@!@
@!@!@STARTMSG 2217:4 @!@!@
22: <copyParent line 16, col 20 to line 18, col 38 of module tokenring>
/\ leader = 0
/\ nodes = (0 :> 3 @@ 1 :> 3 @@ 2 :> 3 @@ 3 :> 3 @@ 4 :> 3 @@ 5 :> 0)

@!@!@ENDMSG 2217 @!@!@
@!@!@STARTMSG 2217:4 @!@!@
23: <updateLeader line 20, col 20 to line 23, col 38 of module tokenring>
/\ leader = 0
/\ nodes = (0 :> 4 @@ 1 :> 3 @@ 2 :> 3 @@ 3 :> 3 @@ 4 :> 3 @@ 5 :> 0)

@!@!@ENDMSG 2217 @!@!@
@!@!@STARTMSG 2217:4 @!@!@
24: <copyParent line 16, col 20 to line 18, col 38 of module tokenring>
/\ leader = 0
/\ nodes = (0 :> 4 @@ 1 :> 4 @@ 2 :> 3 @@ 3 :> 3 @@ 4 :> 3 @@ 5 :> 0)

@!@!@ENDMSG 2217 @!@!@
@!@!@STARTMSG 2217:4 @!@!@
25: <copyParent line 16, col 20 to line 18, col 38 of module tokenring>
/\ leader = 0
/\ nodes = (0 :> 4 @@ 1 :> 4 @@ 2 :> 4 @@ 3 :> 3 @@ 4 :> 3 @@ 5 :> 0)

@!@!@ENDMSG 2217 @!@!@
@!@!@STARTMSG 2217:4 @!@!@
26: <copyParent line 16, col 20 to line 18, col 38 of module tokenring>
/\ leader = 0
/\ nodes = (0 :> 4 @@ 1 :> 4 @@ 2 :> 4 @@ 3 :> 4 @@ 4 :> 3 @@ 5 :> 0)

@!@!@ENDMSG 2217 @!@!@
@!@!@STARTMSG 2217:4 @!@!@
27: <copyParent line 16, col 20 to line 18, col 38 of module tokenring>
/\ leader = 0
/\ nodes = (0 :> 4 @@ 1 :> 4 @@ 2 :> 4 @@ 3 :> 4 @@ 4 :> 4 @@ 5 :> 0)

@!@!@ENDMSG 2217 @!@!@
@!@!@STARTMSG 2217:4 @!@!@
28: <updateLeader line 20, col 20 to line 23, col 38 of module tokenring>
/\ leader = 0
/\ nodes = (0 :> 0 @@ 1 :> 4 @@ 2 :> 4 @@ 3 :> 4 @@ 4 :> 4 @@ 5 :> 0)

@!@!@ENDMSG 2217 @!@!@
@!@!@STARTMSG 2217:4 @!@!@
29: <copyParent line 16, col 20 to line 18, col 38 of module tokenring>
/\ leader = 0
/\ nodes = (0 :> 0 @@ 1 :> 0 @@ 2 :> 4 @@ 3 :> 4 @@ 4 :> 4 @@ 5 :> 0)

@!@!@ENDMSG 2217 @!@!@
@!@!@STARTMSG 2217:4 @!@!@
30: <copyParent line 16, col 20 to line 18, col 38 of module tokenring>
/\ leader = 0
/\ nodes = (0 :> 0 @@ 1 :> 0 @@ 2 :> 0 @@ 3 :> 4 @@ 4 :> 4 @@ 5 :> 0)

@!@!@ENDMSG 2217 @!@!@
@!@!@STARTMSG 2217:4 @!@!@
31: <copyParent line 16, col 20 to line 18, col 38 of module tokenring>
/\ leader = 0
/\ nodes = (0 :> 0 @@ 1 :> 0 @@ 2 :> 0 @@ 3 :> 4 @@ 4 :> 4 @@ 5 :> 4)

@!@!@ENDMSG 2217 @!@!@
@!@!@STARTMSG 2217:4 @!@!@
32: <copyParent line 16, col 20 to line 18, col 38 of module tokenring>
/\ leader = 0
/\ nodes = (0 :> 0 @@ 1 :> 0 @@ 2 :> 0 @@ 3 :> 0 @@ 4 :> 4 @@ 5 :> 4)

@!@!@ENDMSG 2217 @!@!@
@!@!@STARTMSG 2122:4 @!@!@
6: Back to state: <copyParent line 16, col 20 to line 18, col 38 of module tokenring>

@!@!@ENDMSG 2122 @!@!@
@!@!@STARTMSG 2267:0 @!@!@
Finished checking temporal properties in 00s at 2018-10-09 19:12:14
@!@!@ENDMSG 2267 @!@!@
@!@!@STARTMSG 2201:0 @!@!@
The coverage statistics at 2018-10-09 19:12:14
@!@!@ENDMSG 2201 @!@!@
@!@!@STARTMSG 2221:0 @!@!@
  line 17, col 23 to line 17, col 69 of module tokenring: 9580
@!@!@ENDMSG 2221 @!@!@
@!@!@STARTMSG 2221:0 @!@!@
  line 18, col 23 to line 18, col 38 of module tokenring: 9580
@!@!@ENDMSG 2221 @!@!@
@!@!@STARTMSG 2221:0 @!@!@
  line 22, col 23 to line 22, col 68 of module tokenring: 150
@!@!@ENDMSG 2221 @!@!@
@!@!@STARTMSG 2221:0 @!@!@
  line 23, col 23 to line 23, col 38 of module tokenring: 150
@!@!@ENDMSG 2221 @!@!@
@!@!@STARTMSG 2202:0 @!@!@
End of statistics.
@!@!@ENDMSG 2202 @!@!@
@!@!@STARTMSG 2200:0 @!@!@
Progress(49) at 2018-10-09 19:12:14: 9736 states generated (434,642 s/min), 1916 distinct states found (85,535 ds/min), 0 states left on queue.
@!@!@ENDMSG 2200 @!@!@
@!@!@STARTMSG 2199:0 @!@!@
9736 states generated, 1916 distinct states found, 0 states left on queue.
@!@!@ENDMSG 2199 @!@!@
@!@!@STARTMSG 2186:0 @!@!@
Finished in 1729ms at (2018-10-09 19:12:14)
@!@!@ENDMSG 2186 @!@!@
