@!@!@STARTMSG 2262:0 @!@!@
TLC2 Version 2.13 of 18 July 2018
@!@!@ENDMSG 2262 @!@!@
@!@!@STARTMSG 2187:0 @!@!@
Running breadth-first search Model-Checking with seed 2233963333316585037 with 2 workers on 4 cores with 434MB heap and 973MB offheap memory (Linux 4.15.0-36-generic amd64, Oracle Corporation 1.8.0_181 x86_64).
@!@!@ENDMSG 2187 @!@!@
@!@!@STARTMSG 2220:0 @!@!@
Starting SANY...
@!@!@ENDMSG 2220 @!@!@
Parsing file /home/fredrik/kth/åk5/pardis/labs/lab3/diningphil/diningphil.toolbox/Model_1/MC.tla
Parsing file /home/fredrik/kth/åk5/pardis/labs/lab3/diningphil/diningphil.toolbox/Model_1/diningphil.tla
Parsing file /home/fredrik/tlaplus/toolbox/plugins/org.lamport.tlatools_1.0.0.201807180447/tla2sany/StandardModules/TLC.tla
Parsing file /home/fredrik/tlaplus/toolbox/plugins/org.lamport.tlatools_1.0.0.201807180447/tla2sany/StandardModules/Integers.tla
Parsing file /home/fredrik/tlaplus/toolbox/plugins/org.lamport.tlatools_1.0.0.201807180447/tla2sany/StandardModules/Naturals.tla
Parsing file /home/fredrik/tlaplus/toolbox/plugins/org.lamport.tlatools_1.0.0.201807180447/tla2sany/StandardModules/Sequences.tla
Parsing file /home/fredrik/tlaplus/toolbox/plugins/org.lamport.tlatools_1.0.0.201807180447/tla2sany/StandardModules/FiniteSets.tla
Semantic processing of module Naturals
Semantic processing of module Integers
Semantic processing of module diningphil
Semantic processing of module Sequences
Semantic processing of module FiniteSets
Semantic processing of module TLC
Semantic processing of module MC
@!@!@STARTMSG 2219:0 @!@!@
SANY finished.
@!@!@ENDMSG 2219 @!@!@
@!@!@STARTMSG 2185:0 @!@!@
Starting... (2018-10-09 17:35:32)
@!@!@ENDMSG 2185 @!@!@
@!@!@STARTMSG 2212:0 @!@!@
Implied-temporal checking--satisfiability problem has 5 branches.
@!@!@ENDMSG 2212 @!@!@
@!@!@STARTMSG 2189:0 @!@!@
Computing initial states...
@!@!@ENDMSG 2189 @!@!@
@!@!@STARTMSG 2190:0 @!@!@
Finished computing initial states: 1 distinct state generated.
@!@!@ENDMSG 2190 @!@!@
@!@!@STARTMSG 1000:1 @!@!@
TLC threw an unexpected exception.
This was probably caused by an error in the spec or model.
See the User Output or TLC Console for clues to what happened.
The exception was a java.lang.RuntimeException
: Attempted to compute the value of an expression of
form CHOOSE x \in S: P, but S was not enumerable.
line 25, col 23 to line 26, col 37 of module diningphil
@!@!@ENDMSG 1000 @!@!@
@!@!@STARTMSG 2121:1 @!@!@
The behavior up to this point is:
@!@!@ENDMSG 2121 @!@!@
@!@!@STARTMSG 2217:4 @!@!@
1: <Initial predicate>
/\ philosophers = ( 0 :> "thinking" @@
  1 :> "thinking" @@
  2 :> "thinking" @@
  3 :> "thinking" @@
  4 :> "thinking" )
/\ fairray = (0 :> 0 @@ 1 :> 0 @@ 2 :> 0 @@ 3 :> 0 @@ 4 :> 0)
/\ forks = (0 :> -1 @@ 1 :> -1 @@ 2 :> -1 @@ 3 :> -1 @@ 4 :> -1)

@!@!@ENDMSG 2217 @!@!@
@!@!@STARTMSG 2103:1 @!@!@
The error occurred when TLC was evaluating the nested
expressions at the following positions:
0. Line 54, column 9 to line 54, column 78 in diningphil
1. Line 54, column 12 to line 54, column 78 in diningphil
2. Line 54, column 31 to line 54, column 78 in diningphil
3. Line 54, column 31 to line 54, column 62 in diningphil
4. Line 54, column 31 to line 54, column 44 in diningphil
5. Line 29, column 20 to line 33, column 40 in diningphil
6. Line 29, column 23 to line 29, column 53 in diningphil
7. Line 30, column 23 to line 30, column 46 in diningphil
8. Line 20, column 16 to line 20, column 30 in diningphil
9. Line 31, column 23 to line 31, column 51 in diningphil
10. Line 21, column 26 to line 21, column 65 in diningphil
11. Line 32, column 23 to line 32, column 80 in diningphil
12. Line 33, column 23 to line 33, column 40 in diningphil
13. Line 25, column 23 to line 26, column 37 in diningphil


@!@!@ENDMSG 2103 @!@!@
@!@!@STARTMSG 2201:0 @!@!@
The coverage statistics at 2018-10-09 17:35:32
@!@!@ENDMSG 2201 @!@!@
@!@!@STARTMSG 2221:0 @!@!@
  line 21, col 26 to line 21, col 65 of module diningphil: 0
@!@!@ENDMSG 2221 @!@!@
@!@!@STARTMSG 2221:0 @!@!@
  line 22, col 26 to line 23, col 74 of module diningphil: 0
@!@!@ENDMSG 2221 @!@!@
@!@!@STARTMSG 2221:0 @!@!@
  line 32, col 23 to line 32, col 80 of module diningphil: 0
@!@!@ENDMSG 2221 @!@!@
@!@!@STARTMSG 2221:0 @!@!@
  line 39, col 23 to line 39, col 78 of module diningphil: 0
@!@!@ENDMSG 2221 @!@!@
@!@!@STARTMSG 2221:0 @!@!@
  line 44, col 23 to line 44, col 80 of module diningphil: 0
@!@!@ENDMSG 2221 @!@!@
@!@!@STARTMSG 2221:0 @!@!@
  line 45, col 23 to line 45, col 75 of module diningphil: 0
@!@!@ENDMSG 2221 @!@!@
@!@!@STARTMSG 2202:0 @!@!@
End of statistics.
@!@!@ENDMSG 2202 @!@!@
@!@!@STARTMSG 2200:0 @!@!@
Progress(1) at 2018-10-09 17:35:32: 1 states generated (134 s/min), 1 distinct states found (134 ds/min), 0 states left on queue.
@!@!@ENDMSG 2200 @!@!@
@!@!@STARTMSG 2199:0 @!@!@
1 states generated, 1 distinct states found, 0 states left on queue.
@!@!@ENDMSG 2199 @!@!@
@!@!@STARTMSG 2194:0 @!@!@
The depth of the complete state graph search is 0.
@!@!@ENDMSG 2194 @!@!@
@!@!@STARTMSG 2186:0 @!@!@
Finished in 973ms at (2018-10-09 17:35:32)
@!@!@ENDMSG 2186 @!@!@
